  AStarDisplay.cpp
E:\Programming\GraphsAndAStar\GraphsAndAStar\AStarDisplay.cpp(68,26): warning C4244: '=': conversion from 'unsigned int' to 'float', possible loss of data
E:\Programming\GraphsAndAStar\GraphsAndAStar\AStarDisplay.cpp(69,26): warning C4244: '=': conversion from 'unsigned int' to 'float', possible loss of data
E:\Programming\GraphsAndAStar\GraphsAndAStar\AStarDisplay.cpp(70,35): warning C4244: '=': conversion from 'unsigned int' to 'float', possible loss of data
E:\Programming\GraphsAndAStar\GraphsAndAStar\AStarDisplay.cpp(71,36): warning C4244: '=': conversion from 'unsigned int' to 'float', possible loss of data
E:\Programming\GraphsAndAStar\GraphsAndAStar\AStarDisplay.cpp(248,11): warning C4244: 'initializing': conversion from 'float' to 'int', possible loss of data
E:\Programming\GraphsAndAStar\GraphsAndAStar\AStarDisplay.cpp(249,11): warning C4244: 'initializing': conversion from 'float' to 'int', possible loss of data
E:\Programming\GraphsAndAStar\GraphsAndAStar\AStarDisplay.cpp(252,11): warning C4244: 'initializing': conversion from 'double' to 'int', possible loss of data
E:\Programming\GraphsAndAStar\GraphsAndAStar\AStarDisplay.cpp(253,11): warning C4244: 'initializing': conversion from 'double' to 'int', possible loss of data
E:\Programming\GraphsAndAStar\GraphsAndAStar\AStarDisplay.cpp(258,23): warning C4244: '=': conversion from 'const int' to 'T', possible loss of data
          with
          [
              T=float
          ]
E:\Programming\GraphsAndAStar\GraphsAndAStar\AStarDisplay.cpp(259,23): warning C4244: '=': conversion from 'const int' to 'T', possible loss of data
          with
          [
              T=float
          ]
E:\Programming\GraphsAndAStar\GraphsAndAStar\AStarDisplay.cpp(279,44): warning C4244: 'argument': conversion from 'const int' to 'T', possible loss of data
          with
          [
              T=float
          ]
E:\Programming\GraphsAndAStar\GraphsAndAStar\AStarDisplay.cpp(279,35): warning C4244: 'argument': conversion from 'const int' to 'T', possible loss of data
          with
          [
              T=float
          ]
E:\Programming\GraphsAndAStar\GraphsAndAStar\AStarDisplay.cpp(281,10): warning C4244: 'initializing': conversion from 'double' to 'int', possible loss of data
E:\Programming\GraphsAndAStar\GraphsAndAStar\AStarDisplay.cpp(282,10): warning C4244: 'initializing': conversion from 'double' to 'int', possible loss of data
E:\Programming\GraphsAndAStar\GraphsAndAStar\AStarDisplay.cpp(284,73): warning C4244: 'argument': conversion from 'double' to 'int', possible loss of data
E:\Programming\GraphsAndAStar\GraphsAndAStar\AStarDisplay.cpp(284,35): warning C4244: 'argument': conversion from 'double' to 'int', possible loss of data
E:\Programming\GraphsAndAStar\GraphsAndAStar\AStarDisplay.cpp(433,91): warning C4244: 'argument': conversion from 'unsigned int' to 'float', possible loss of data
E:\Programming\GraphsAndAStar\GraphsAndAStar\AStarDisplay.cpp(437,93): warning C4244: 'argument': conversion from 'unsigned int' to 'float', possible loss of data
E:\Programming\GraphsAndAStar\GraphsAndAStar\AStarDisplay.cpp(474,128): warning C4244: 'argument': conversion from 'double' to 'float', possible loss of data
E:\Programming\GraphsAndAStar\GraphsAndAStar\AStarDisplay.cpp(479,128): warning C4244: 'argument': conversion from 'double' to 'float', possible loss of data
E:\Programming\GraphsAndAStar\GraphsAndAStar\AStarDisplay.cpp(713,8): warning C4244: 'initializing': conversion from 'float' to 'int', possible loss of data
E:\Programming\GraphsAndAStar\GraphsAndAStar\AStarDisplay.cpp(714,8): warning C4244: 'initializing': conversion from 'float' to 'int', possible loss of data
E:\Programming\GraphsAndAStar\GraphsAndAStar\AStarDisplay.cpp(765,18): warning C4018: '<': signed/unsigned mismatch
E:\Programming\GraphsAndAStar\GraphsAndAStar\AStarDisplay.cpp(765,42): warning C4018: '<': signed/unsigned mismatch
E:\Programming\GraphsAndAStar\GraphsAndAStar\AStarDisplay.cpp(775,10): warning C4244: 'initializing': conversion from 'float' to 'int', possible loss of data
E:\Programming\GraphsAndAStar\GraphsAndAStar\AStarDisplay.cpp(776,10): warning C4244: 'initializing': conversion from 'float' to 'int', possible loss of data
E:\Programming\GraphsAndAStar\GraphsAndAStar\AStarDisplay.cpp(779,55): warning C4244: 'argument': conversion from 'int' to 'float', possible loss of data
E:\Programming\GraphsAndAStar\GraphsAndAStar\AStarDisplay.cpp(780,55): warning C4244: 'argument': conversion from 'int' to 'float', possible loss of data
E:\Programming\GraphsAndAStar\GraphsAndAStar\AStarDisplay.cpp(825,9): warning C4244: 'initializing': conversion from 'float' to 'int', possible loss of data
E:\Programming\GraphsAndAStar\GraphsAndAStar\AStarDisplay.cpp(826,9): warning C4244: 'initializing': conversion from 'float' to 'int', possible loss of data
  Generating code
  1 of 790 functions ( 0.1%) were compiled, the rest were copied from previous compilation.
    0 functions were new in current compilation
    0 functions had inline decision re-evaluated but remain unchanged
  Finished generating code
  GraphsAndAStar.vcxproj -> E:\Programming\GraphsAndAStar\Release\GraphsAndAStar.exe
