  AStarDisplay.cpp
  BackBuffer.cpp
  Button.cpp
E:\Programming\GraphsAndAStar\GraphsAndAStar\Button.cpp(49,33): warning C4244: '=': conversion from 'const T' to 'unsigned int', possible loss of data
          with
          [
              T=float
          ]
E:\Programming\GraphsAndAStar\GraphsAndAStar\Button.cpp(50,33): warning C4244: '=': conversion from 'const T' to 'unsigned int', possible loss of data
          with
          [
              T=float
          ]
E:\Programming\GraphsAndAStar\GraphsAndAStar\Button.cpp(103,15): warning C4018: '>=': signed/unsigned mismatch
E:\Programming\GraphsAndAStar\GraphsAndAStar\Button.cpp(103,32): warning C4018: '<': signed/unsigned mismatch
E:\Programming\GraphsAndAStar\GraphsAndAStar\Button.cpp(103,58): warning C4018: '>=': signed/unsigned mismatch
E:\Programming\GraphsAndAStar\GraphsAndAStar\Button.cpp(103,75): warning C4018: '<': signed/unsigned mismatch
E:\Programming\GraphsAndAStar\GraphsAndAStar\Button.cpp(131,15): warning C4018: '>=': signed/unsigned mismatch
E:\Programming\GraphsAndAStar\GraphsAndAStar\Button.cpp(131,32): warning C4018: '<': signed/unsigned mismatch
E:\Programming\GraphsAndAStar\GraphsAndAStar\Button.cpp(131,58): warning C4018: '>=': signed/unsigned mismatch
E:\Programming\GraphsAndAStar\GraphsAndAStar\Button.cpp(131,75): warning C4018: '<': signed/unsigned mismatch
E:\Programming\GraphsAndAStar\GraphsAndAStar\Button.cpp(156,14): warning C4018: '>=': signed/unsigned mismatch
E:\Programming\GraphsAndAStar\GraphsAndAStar\Button.cpp(156,31): warning C4018: '<': signed/unsigned mismatch
E:\Programming\GraphsAndAStar\GraphsAndAStar\Button.cpp(156,57): warning C4018: '>=': signed/unsigned mismatch
E:\Programming\GraphsAndAStar\GraphsAndAStar\Button.cpp(156,74): warning C4018: '<': signed/unsigned mismatch
E:\Programming\GraphsAndAStar\GraphsAndAStar\Button.cpp(178,13): warning C4018: '>=': signed/unsigned mismatch
E:\Programming\GraphsAndAStar\GraphsAndAStar\Button.cpp(178,30): warning C4018: '<': signed/unsigned mismatch
E:\Programming\GraphsAndAStar\GraphsAndAStar\Button.cpp(178,56): warning C4018: '>=': signed/unsigned mismatch
E:\Programming\GraphsAndAStar\GraphsAndAStar\Button.cpp(178,73): warning C4018: '<': signed/unsigned mismatch
  Graphs.cpp
E:\Programming\GraphsAndAStar\GraphsAndAStar\Graphs.cpp(56,47): warning C4244: 'argument': conversion from 'float' to 'int', possible loss of data
E:\Programming\GraphsAndAStar\GraphsAndAStar\Graphs.cpp(231,16): warning C4244: '=': conversion from 'const int' to 'T', possible loss of data
          with
          [
              T=float
          ]
E:\Programming\GraphsAndAStar\GraphsAndAStar\Graphs.cpp(232,16): warning C4244: '=': conversion from 'const int' to 'T', possible loss of data
          with
          [
              T=float
          ]
E:\Programming\GraphsAndAStar\GraphsAndAStar\Graphs.cpp(301,58): warning C4244: 'argument': conversion from 'const int' to 'T', possible loss of data
          with
          [
              T=float
          ]
E:\Programming\GraphsAndAStar\GraphsAndAStar\Graphs.cpp(301,49): warning C4244: 'argument': conversion from 'const int' to 'T', possible loss of data
          with
          [
              T=float
          ]
E:\Programming\GraphsAndAStar\GraphsAndAStar\Graphs.cpp(309,58): warning C4244: 'argument': conversion from 'const int' to 'T', possible loss of data
          with
          [
              T=float
          ]
E:\Programming\GraphsAndAStar\GraphsAndAStar\Graphs.cpp(309,49): warning C4244: 'argument': conversion from 'const int' to 'T', possible loss of data
          with
          [
              T=float
          ]
E:\Programming\GraphsAndAStar\GraphsAndAStar\Graphs.cpp(612,52): warning C4244: 'argument': conversion from 'float' to 'int', possible loss of data
E:\Programming\GraphsAndAStar\GraphsAndAStar\Graphs.cpp(619,51): warning C4244: 'argument': conversion from 'float' to 'int', possible loss of data
E:\Programming\GraphsAndAStar\GraphsAndAStar\Graphs.cpp(707,20): warning C4018: '<': signed/unsigned mismatch
E:\Programming\GraphsAndAStar\GraphsAndAStar\Graphs.cpp(709,9): warning C4018: '<': signed/unsigned mismatch
E:\Programming\GraphsAndAStar\GraphsAndAStar\Graphs.cpp(740,20): warning C4018: '<': signed/unsigned mismatch
E:\Programming\GraphsAndAStar\GraphsAndAStar\Graphs.cpp(750,20): warning C4018: '<': signed/unsigned mismatch
  InputHandler.cpp
  Window.cpp
  main.cpp
E:\Programming\GraphsAndAStar\GraphsAndAStar\main.cpp(30,21): warning C4018: '<': signed/unsigned mismatch
  Generating Code...
  GraphsAndAStar.vcxproj -> E:\Programming\GraphsAndAStar\Debug\GraphsAndAStar.exe
